2023-12-23T12:33:42.400Z 0: 

----------------------------------------------
2023-12-23T12:33:42.413Z 1: Discord starting: {"releaseChannel":"stable","version":"0.0.39"}, modulepath: /home/seanp/.config/discord/0.0.39/modules
2023-12-23T12:33:42.416Z 2: ✅ webContents.created web1 ""
2023-12-23T12:33:42.419Z 3: ✅ window.created win1 "discord"
2023-12-23T12:33:42.581Z 4: ✅ webContents.did-finish-load web1
2023-12-23T12:33:46.154Z 5: ✅ webContents.created web2 ""
2023-12-23T12:33:46.160Z 6: ✅ window.created win2 "Discord"
2023-12-23T12:33:47.936Z 7: ✅ webContents.did-finish-load web2
2023-12-23T12:33:48.034Z 8: window.close win1
2023-12-23T12:33:48.088Z 9: webContents.destroyed web1
2023-12-23T12:33:48.091Z 10: window.closed win1
2023-12-23T12:34:41.929Z 11: window.close win2
2023-12-23T12:41:30.878Z 0: 

----------------------------------------------
2023-12-23T12:41:34.026Z 12: window.close win2
2023-12-23T12:45:20.906Z 0: 

----------------------------------------------
2023-12-23T12:45:27.790Z 13: window.close win2
2023-12-23T12:45:35.594Z 0: 

----------------------------------------------
2023-12-23T12:45:35.605Z 1: Discord starting: {"releaseChannel":"stable","version":"0.0.39"}, modulepath: /home/seanp/.config/discord/0.0.39/modules
2023-12-23T12:45:40.584Z 14: window.close win2
2023-12-23T13:00:52.602Z 0: 

----------------------------------------------
2023-12-23T13:00:52.630Z 1: Discord starting: {"releaseChannel":"stable","version":"0.0.39"}, modulepath: /home/seanp/.config/discord/0.0.39/modules
2023-12-23T13:00:52.634Z 2: ✅ webContents.created web1 ""
2023-12-23T13:00:52.637Z 3: ✅ window.created win1 "discord"
2023-12-23T13:00:52.809Z 4: ✅ webContents.did-finish-load web1
2023-12-23T13:00:52.956Z 5: ✅ webContents.created web2 ""
2023-12-23T13:00:52.961Z 6: ✅ window.created win2 "Discord"
2023-12-23T13:00:54.696Z 7: ✅ webContents.did-finish-load web2
2023-12-23T13:00:54.794Z 8: window.close win1
2023-12-23T13:00:54.816Z 9: webContents.destroyed web1
2023-12-23T13:00:54.819Z 10: window.closed win1
2023-12-23T13:01:43.085Z 11: window.close win2
2023-12-23T13:01:45.352Z 0: 

----------------------------------------------
2023-12-23T13:01:45.362Z 1: Discord starting: {"releaseChannel":"stable","version":"0.0.39"}, modulepath: /home/seanp/.config/discord/0.0.39/modules
2023-12-23T13:05:52.219Z 12: window.close win2
2023-12-23T13:42:16.079Z 13: window.close win2
2023-12-23T13:42:19.757Z 0: 

----------------------------------------------
2023-12-23T13:42:19.768Z 1: Discord starting: {"releaseChannel":"stable","version":"0.0.39"}, modulepath: /home/seanp/.config/discord/0.0.39/modules
2023-12-23T16:33:41.969Z 14: window.close win2
2023-12-23T16:33:43.355Z 0: 

----------------------------------------------
2023-12-23T16:33:43.377Z 1: Discord starting: {"releaseChannel":"stable","version":"0.0.39"}, modulepath: /home/seanp/.config/discord/0.0.39/modules
2023-12-23T16:42:28.289Z 0: 

----------------------------------------------
2023-12-23T16:42:28.294Z 1: Discord starting: {"releaseChannel":"stable","version":"0.0.39"}, modulepath: /home/seanp/.config/discord/0.0.39/modules
2023-12-23T19:57:32.981Z 15: before-quit
2023-12-23T19:57:32.988Z 16: window.close win2
2023-12-23T20:13:28.099Z 0: 

----------------------------------------------
2023-12-23T20:13:28.110Z 1: Discord starting: {"releaseChannel":"stable","version":"0.0.39"}, modulepath: /home/seanp/.config/discord/0.0.39/modules
2023-12-23T20:13:28.129Z 2: ✅ webContents.created web1 ""
2023-12-23T20:13:28.132Z 3: ✅ window.created win1 "discord"
2023-12-23T20:13:28.316Z 4: ✅ webContents.did-finish-load web1
2023-12-23T20:13:28.542Z 5: ✅ webContents.created web2 ""
2023-12-23T20:13:28.547Z 6: ✅ window.created win2 "Discord"
2023-12-23T20:13:30.614Z 7: ✅ webContents.did-finish-load web2
2023-12-23T20:13:30.710Z 8: window.close win1
2023-12-23T20:13:30.720Z 9: webContents.destroyed web1
2023-12-23T20:13:30.723Z 10: window.closed win1
2023-12-23T20:14:34.914Z 11: window.close win2
2023-12-23T20:14:36.442Z 0: 

----------------------------------------------
2023-12-23T20:14:36.465Z 1: Discord starting: {"releaseChannel":"stable","version":"0.0.39"}, modulepath: /home/seanp/.config/discord/0.0.39/modules
2023-12-23T20:40:43.321Z 12: window.close win2
2023-12-23T20:41:15.392Z 13: before-quit
2023-12-23T20:42:46.045Z 0: 

----------------------------------------------
2023-12-23T20:42:46.074Z 1: Discord starting: {"releaseChannel":"stable","version":"0.0.39"}, modulepath: /home/seanp/.config/discord/0.0.39/modules
2023-12-23T20:42:46.083Z 2: ✅ webContents.created web1 ""
2023-12-23T20:42:46.087Z 3: ✅ window.created win1 "discord"
2023-12-23T20:42:46.282Z 4: ✅ webContents.did-finish-load web1
2023-12-23T20:42:46.518Z 5: ✅ webContents.created web2 ""
2023-12-23T20:42:46.524Z 6: ✅ window.created win2 "Discord"
2023-12-23T20:42:49.002Z 7: ✅ webContents.did-finish-load web2
2023-12-23T20:42:49.097Z 8: window.close win1
2023-12-23T20:42:49.108Z 9: webContents.destroyed web1
2023-12-23T20:42:49.111Z 10: window.closed win1
2023-12-23T20:48:25.690Z 11: window.close win2
2023-12-23T20:48:31.938Z 0: 

----------------------------------------------
2023-12-23T20:48:31.958Z 1: Discord starting: {"releaseChannel":"stable","version":"0.0.39"}, modulepath: /home/seanp/.config/discord/0.0.39/modules
2023-12-23T21:02:12.689Z 0: 

----------------------------------------------
2023-12-23T21:02:12.704Z 1: Discord starting: {"releaseChannel":"stable","version":"0.0.39"}, modulepath: /home/seanp/.config/discord/0.0.39/modules
2023-12-23T21:02:12.728Z 2: ✅ webContents.created web1 ""
2023-12-23T21:02:12.731Z 3: ✅ window.created win1 "discord"
2023-12-23T21:02:12.903Z 4: ✅ webContents.did-finish-load web1
2023-12-23T21:02:13.171Z 5: ✅ webContents.created web2 ""
2023-12-23T21:02:13.175Z 6: ✅ window.created win2 "Discord"
2023-12-23T21:02:15.905Z 7: ✅ webContents.did-finish-load web2
2023-12-23T21:02:16.001Z 8: window.close win1
2023-12-23T21:02:16.019Z 9: webContents.destroyed web1
2023-12-23T21:02:16.023Z 10: window.closed win1
2023-12-23T21:32:50.509Z 0: 

----------------------------------------------
2023-12-23T21:32:50.535Z 1: Discord starting: {"releaseChannel":"stable","version":"0.0.39"}, modulepath: /home/seanp/.config/discord/0.0.39/modules
2023-12-23T21:32:50.539Z 2: ✅ webContents.created web1 ""
2023-12-23T21:32:50.543Z 3: ✅ window.created win1 "discord"
2023-12-23T21:32:50.717Z 4: ✅ webContents.did-finish-load web1
2023-12-23T21:32:50.926Z 5: ✅ webContents.created web2 ""
2023-12-23T21:32:50.931Z 6: ✅ window.created win2 "Discord"
2023-12-23T21:32:59.360Z 7: ✅ webContents.did-finish-load web2
2023-12-23T21:32:59.456Z 8: window.close win1
2023-12-23T21:33:00.552Z 9: webContents.destroyed web1
2023-12-23T21:33:00.565Z 10: window.closed win1
2023-12-23T21:34:19.263Z 0: 

----------------------------------------------
2023-12-23T21:34:19.279Z 1: Discord starting: {"releaseChannel":"stable","version":"0.0.39"}, modulepath: /home/seanp/.config/discord/0.0.39/modules
2023-12-23T21:34:25.052Z 11: window.close win2
2023-12-23T21:34:29.041Z 0: 

----------------------------------------------
2023-12-23T21:34:29.047Z 1: Discord starting: {"releaseChannel":"stable","version":"0.0.39"}, modulepath: /home/seanp/.config/discord/0.0.39/modules
2023-12-23T23:40:50.998Z 0: 

----------------------------------------------
2023-12-23T23:40:51.008Z 1: Discord starting: {"releaseChannel":"stable","version":"0.0.39"}, modulepath: /home/seanp/.config/discord/0.0.39/modules
2023-12-23T23:40:51.020Z 2: ✅ webContents.created web1 ""
2023-12-23T23:40:51.023Z 3: ✅ window.created win1 "discord"
2023-12-23T23:40:51.185Z 4: ✅ webContents.did-finish-load web1
2023-12-23T23:40:51.366Z 5: ✅ webContents.created web2 ""
2023-12-23T23:40:51.369Z 6: ✅ window.created win2 "Discord"
2023-12-23T23:40:53.035Z 7: ✅ webContents.did-finish-load web2
2023-12-23T23:40:53.133Z 8: window.close win1
2023-12-23T23:40:53.143Z 9: webContents.destroyed web1
2023-12-23T23:40:53.145Z 10: window.closed win1
2023-12-24T01:37:30.082Z 11: window.close win2
2023-12-24T01:39:14.368Z 12: window.close win2
2023-12-24T04:22:18.683Z 13: webContents.destroyed web2
2023-12-24T20:49:37.392Z 0: 

----------------------------------------------
2023-12-24T20:49:37.404Z 1: Discord starting: {"releaseChannel":"stable","version":"0.0.39"}, modulepath: /home/seanp/.config/discord/0.0.39/modules
2023-12-24T20:49:37.423Z 2: ✅ webContents.created web1 ""
2023-12-24T20:49:37.428Z 3: ✅ window.created win1 "discord"
2023-12-24T20:49:37.674Z 4: ✅ webContents.did-finish-load web1
2023-12-24T20:49:37.760Z 5: ✅ webContents.created web2 ""
2023-12-24T20:49:37.767Z 6: ✅ window.created win2 "Discord"
2023-12-24T20:49:40.348Z 7: ✅ webContents.did-finish-load web2
2023-12-24T20:49:40.443Z 8: window.close win1
2023-12-24T20:49:40.468Z 9: webContents.destroyed web1
2023-12-24T20:49:40.473Z 10: window.closed win1
2023-12-24T22:06:50.072Z 0: 

----------------------------------------------
2023-12-24T22:06:50.086Z 1: Discord starting: {"releaseChannel":"stable","version":"0.0.39"}, modulepath: /home/seanp/.config/discord/0.0.39/modules
2023-12-24T22:06:50.106Z 2: ✅ webContents.created web1 ""
2023-12-24T22:06:50.109Z 3: ✅ window.created win1 "discord"
2023-12-24T22:06:50.310Z 4: ✅ webContents.did-finish-load web1
2023-12-24T22:06:50.457Z 5: ✅ webContents.created web2 ""
2023-12-24T22:06:50.462Z 6: ✅ window.created win2 "Discord"
2023-12-24T22:06:52.969Z 7: ✅ webContents.did-finish-load web2
2023-12-24T22:06:53.069Z 8: window.close win1
2023-12-24T22:06:53.090Z 9: webContents.destroyed web1
2023-12-24T22:06:53.092Z 10: window.closed win1
2023-12-25T02:04:22.920Z 11: window.close win2
2023-12-25T18:02:14.160Z 0: 

----------------------------------------------
2023-12-25T18:02:14.189Z 1: Discord starting: {"releaseChannel":"stable","version":"0.0.39"}, modulepath: /home/seanp/.config/discord/0.0.39/modules
2023-12-25T18:02:14.194Z 2: ✅ webContents.created web1 ""
2023-12-25T18:02:14.198Z 3: ✅ window.created win1 "discord"
2023-12-25T18:02:14.382Z 4: ✅ webContents.did-finish-load web1
2023-12-25T18:02:14.468Z 5: ✅ webContents.created web2 ""
2023-12-25T18:02:14.473Z 6: ✅ window.created win2 "Discord"
2023-12-25T18:02:16.232Z 7: ✅ webContents.did-finish-load web2
2023-12-25T18:02:16.332Z 8: window.close win1
2023-12-25T18:02:16.352Z 9: webContents.destroyed web1
2023-12-25T18:02:16.355Z 10: window.closed win1
2023-12-25T18:23:57.620Z 11: before-quit
2023-12-25T18:23:57.626Z 12: window.close win2
2023-12-25T18:23:57.708Z 13: webContents.destroyed web2
2023-12-25T18:24:00.327Z 0: 

----------------------------------------------
2023-12-25T18:24:00.336Z 1: Discord starting: {"releaseChannel":"stable","version":"0.0.39"}, modulepath: /home/seanp/.config/discord/0.0.39/modules
2023-12-25T18:24:00.353Z 2: ✅ webContents.created web1 ""
2023-12-25T18:24:00.355Z 3: ✅ window.created win1 "discord"
2023-12-25T18:24:00.503Z 4: ✅ webContents.did-finish-load web1
2023-12-25T18:24:00.600Z 5: ✅ webContents.created web2 ""
2023-12-25T18:24:00.604Z 6: ✅ window.created win2 "Discord"
2023-12-25T18:24:02.527Z 7: ❌ webContents.did-fail-load web2" -3 
2023-12-25T18:24:03.601Z 8: ✅ webContents.did-finish-load web2
2023-12-25T18:24:03.698Z 9: window.close win1
2023-12-25T18:24:03.720Z 10: webContents.destroyed web1
2023-12-25T18:24:03.722Z 11: window.closed win1
2023-12-25T18:24:06.760Z 12: window.close win2
2023-12-25T18:24:11.227Z 0: 

----------------------------------------------
2023-12-25T18:24:11.236Z 1: Discord starting: {"releaseChannel":"stable","version":"0.0.39"}, modulepath: /home/seanp/.config/discord/0.0.39/modules
2023-12-25T19:22:46.220Z 0: 

----------------------------------------------
2023-12-25T19:22:46.232Z 1: Discord starting: {"releaseChannel":"stable","version":"0.0.39"}, modulepath: /home/seanp/.config/discord/0.0.39/modules
2023-12-25T19:22:46.248Z 2: ✅ webContents.created web1 ""
2023-12-25T19:22:46.252Z 3: ✅ window.created win1 "discord"
2023-12-25T19:22:46.459Z 4: ✅ webContents.did-finish-load web1
2023-12-25T19:22:46.537Z 5: ✅ webContents.created web2 ""
2023-12-25T19:22:46.542Z 6: ✅ window.created win2 "Discord"
2023-12-25T19:22:54.076Z 7: ✅ webContents.did-finish-load web2
2023-12-25T19:22:54.176Z 8: window.close win1
2023-12-25T19:22:54.253Z 9: webContents.destroyed web1
2023-12-25T19:22:54.256Z 10: window.closed win1
2023-12-25T21:02:13.847Z 0: 

----------------------------------------------
2023-12-25T21:02:13.862Z 1: Discord starting: {"releaseChannel":"stable","version":"0.0.39"}, modulepath: /home/seanp/.config/discord/0.0.39/modules
2023-12-25T21:02:13.877Z 2: ✅ webContents.created web1 ""
2023-12-25T21:02:13.880Z 3: ✅ window.created win1 "discord"
2023-12-25T21:02:14.061Z 4: ✅ webContents.did-finish-load web1
2023-12-25T21:02:14.166Z 5: ✅ webContents.created web2 ""
2023-12-25T21:02:14.172Z 6: ✅ window.created win2 "Discord"
2023-12-25T21:02:15.978Z 7: ✅ webContents.did-finish-load web2
2023-12-25T21:02:16.074Z 8: window.close win1
2023-12-25T21:02:16.095Z 9: webContents.destroyed web1
2023-12-25T21:02:16.098Z 10: window.closed win1
2023-12-25T21:46:25.784Z 0: 

----------------------------------------------
2023-12-25T21:46:25.798Z 1: Discord starting: {"releaseChannel":"stable","version":"0.0.39"}, modulepath: /home/seanp/.config/discord/0.0.39/modules
2023-12-25T21:46:25.819Z 2: ✅ webContents.created web1 ""
2023-12-25T21:46:25.822Z 3: ✅ window.created win1 "discord"
2023-12-25T21:46:25.993Z 4: ✅ webContents.did-finish-load web1
2023-12-25T21:46:26.123Z 5: ✅ webContents.created web2 ""
2023-12-25T21:46:26.127Z 6: ✅ window.created win2 "Discord"
2023-12-25T21:46:28.278Z 7: ✅ webContents.did-finish-load web2
2023-12-25T21:46:28.374Z 8: window.close win1
2023-12-25T21:46:28.409Z 9: webContents.destroyed web1
2023-12-25T21:46:28.411Z 10: window.closed win1
2023-12-26T16:01:51.576Z 0: 

----------------------------------------------
2023-12-26T16:01:51.588Z 1: Discord starting: {"releaseChannel":"stable","version":"0.0.39"}, modulepath: /home/seanp/.config/discord/0.0.39/modules
2023-12-26T16:01:51.608Z 2: ✅ webContents.created web1 ""
2023-12-26T16:01:51.625Z 3: ✅ window.created win1 "discord"
2023-12-26T16:01:51.632Z 4: Wrote 138864 byte minidump to /home/seanp/.config/discord/0.0.39/modules/crashlogs/2023_12_26T16_01_51_625Z-0-minidump.dmp
2023-12-26T16:01:51.641Z 5: Wrote 130624 byte minidump to /home/seanp/.config/discord/0.0.39/modules/crashlogs/2023_12_26T16_01_51_639Z-1-minidump.dmp
2023-12-26T16:01:51.644Z 6: Sentry report: {"sdk":{"name":"sentry.javascript.electron","packages":[{"name":"npm:@sentry/electron","version":"4.13.0"}],"version":"4.13.0","integrations":["SentryMinidump","ElectronBreadcrumbs","Net","MainContext","ChildProcess","OnUncaughtException","PreloadInjection","AdditionalContext","Screenshots","InboundFilters","FunctionToString","Console","Http","Undici","OnUnhandledRejection","ContextLines","LocalVariables","Modules","RequestData","LinkedErrors"]},"contexts":{"trace":{"trace_id":"2b8ef93ed48f4fe991f5657dd53b2805","span_id":"9a95c9381c53fab6"},"app":{"app_name":"discord","app_version":"0.0.39","app_start_time":"2023-12-25T21:46:25.451Z"},"os":{"kernel_version":"6.6.8-arch1-1","name":"Arch Linux"},"browser":{"name":"Chrome"},"chrome":{"name":"Chrome","type":"runtime","version":"108.0.5359.215"},"device":{"arch":"x64","family":"Desktop","language":"en-US","screen_density":1,"screen_resolution":"1920x1080","memory_size":16505638912,"free_memory":13570904064,"processor_count":8,"cpu_description":"11th Gen Intel(R) Core(TM) i5-11320H @ 3.20GHz","processor_frequency":2378},"node":{"name":"Node","type":"runtime","version":"16.17.1"},"runtime":{"name":"Electron","version":"22.3.26"}},"environment":"stable","release":"0.0.39","user":{"ip_address":"{{auto}}","id":"332971591988150282","username":"comically_large_chungus","email":"seanpruss5@gmail.com"},"tags":{"event.origin":"electron","event.environment":"native","event.process":"browser","event_type":"native","nativeBuildNumber":"null"},"level":"fatal","platform":"native","breadcrumbs":[{"timestamp":1703549071.873,"category":"ui.click","message":"div.wrapper__76d8d.modalCarouselWrapper__3b183"},{"timestamp":1703549073.927,"category":"ui.click","message":"div"},{"timestamp":1703549076.572,"category":"ui.input","message":"div.markup_a7e664.editor__66464.slateTextArea__0661c.fontSize16Padding__48818[aria-label=\"Message #form-check\"]"},{"timestamp":1703549083.864,"category":"ui.input","message":"div.markup_a7e664.editor__66464.slateTextArea__0661c.fontSize16Padding__48818[aria-label=\"Message #form-check\"]"},{"timestamp":1703549091.664,"category":"ui.input","message":"div.markup_a7e664.editor__66464.slateTextArea__0661c.fontSize16Padding__48818[aria-label=\"Message #form-check\"]"},{"timestamp":1703549095.05,"category":"ui.click","message":"div.folderIconWrapper__72239 > div.expandedFolderIconWrapper__458cf"},{"timestamp":1703549095.425,"category":"ui.click","message":"div.folderIconWrapper__72239 > div.closedFolderIconWrapper__7321f"},{"timestamp":1703549097.591,"category":"ui.click","message":"div.wrapper_d281dd.selected_f5ec8e[aria-label=\" 9,667 mentions, Sean's sex dungeon\"]"},{"timestamp":1703549098,"category":"ui.click","message":"div.folderIconWrapper__72239 > div.expandedFolderIconWrapper__458cf"},{"timestamp":1703549100.291,"category":"electron","message":"window.blur","type":"ui","data":{"id":2,"url":"https://discord.com/channels/819567573371846666/819567573371846669"}},{"timestamp":1703549100.292,"category":"electron","message":"app.browser-window-blur","type":"ui"},{"timestamp":1703549196.206,"category":"electron","message":"window.focus","type":"ui","data":{"id":2,"url":"https://discord.com/channels/819567573371846666/819567573371846669"}},{"timestamp":1703549196.206,"category":"electron","message":"app.browser-window-focus","type":"ui"},{"timestamp":1703549199.552,"category":"ui.click","message":"div.folderIconWrapper__72239 > div.closedFolderIconWrapper__7321f"},{"timestamp":1703549200.88,"category":"ui.click","message":"div.wrapper_d281dd.selected_f5ec8e[aria-label=\"  CU Powerlifting\"]"},{"timestamp":1703549201.368,"category":"ui.click","message":"div.folderIconWrapper__72239 > div.expandedFolderIconWrapper__458cf > svg"},{"timestamp":1703549202.874,"category":"ui.click","message":"div"},{"timestamp":1703549209.327,"category":"electron","message":"window.blur","type":"ui","data":{"id":2,"url":"https://discord.com/channels/1154045272620544061/1154045272620544069"}},{"timestamp":1703549209.327,"category":"electron","message":"app.browser-window-blur","type":"ui"},{"timestamp":1703549223.419,"category":"electron","message":"window.focus","type":"ui","data":{"id":2,"url":"https://discord.com/channels/1154045272620544061/1154045272620544069"}},{"timestamp":1703549223.42,"category":"electron","message":"app.browser-window-focus","type":"ui"},{"timestamp":1703549225.548,"category":"ui.click","message":"div"},{"timestamp":1703549230.576,"category":"electron","message":"window.blur","type":"ui","data":{"id":2,"url":"https://discord.com/channels/1154045272620544061/1154045272620544069"}},{"timestamp":1703549230.576,"category":"electron","message":"app.browser-window-blur","type":"ui"},{"timestamp":1703549234.271,"category":"electron","message":"window.focus","type":"ui","data":{"id":2,"url":"https://discord.com/channels/1154045272620544061/1154045272620544069"}},{"timestamp":1703549234.271,"category":"electron","message":"app.browser-window-focus","type":"ui"},{"timestamp":1703549238.148,"category":"ui.input","message":"div.markup_a7e664.editor__66464.slateTextArea__0661c.fontSize16Padding__48818[aria-label=\"Message #form-check\"]"},{"timestamp":1703549248.236,"category":"electron","message":"window.blur","type":"ui","data":{"id":2,"url":"https://discord.com/channels/1154045272620544061/1154045272620544069"}},{"timestamp":1703549248.236,"category":"electron","message":"app.browser-window-blur","type":"ui"},{"timestamp":1703549257.905,"category":"electron","message":"window.focus","type":"ui","data":{"id":2,"url":"https://discord.com/channels/1154045272620544061/1154045272620544069"}},{"timestamp":1703549257.905,"category":"electron","message":"app.browser-window-focus","type":"ui"},{"timestamp":1703549259.038,"category":"ui.input","message":"div.markup_a7e664.editor__66464.slateTextArea__0661c.fontSize16Padding__48818[aria-label=\"Message #form-check\"]"},{"timestamp":1703549265.294,"category":"ui.input","message":"div.markup_a7e664.editor__66464.slateTextArea__0661c.fontSize16Padding__48818[aria-label=\"Message #form-check\"]"},{"timestamp":1703549268.431,"category":"ui.input","message":"div.markup_a7e664.editor__66464.slateTextArea__0661c.fontSize16Padding__48818[aria-label=\"Message #form-check\"]"},{"timestamp":1703549275.215,"category":"ui.input","message":"div.markup_a7e664.editor__66464.slateTextArea__0661c.fontSize16Padding__48818[aria-label=\"Message #form-check\"]"},{"timestamp":1703549280.402,"category":"ui.input","message":"div.markup_a7e664.editor__66464.slateTextArea__0661c.fontSize16Padding__48818[aria-label=\"Message #form-check\"]"},{"timestamp":1703549285.854,"category":"electron","message":"window.blur","type":"ui","data":{"id":2,"url":"https://discord.com/channels/1154045272620544061/1154045272620544069"}},{"timestamp":1703549285.854,"category":"electron","message":"app.browser-window-blur","type":"ui"},{"timestamp":1703549550.803,"category":"electron","message":"window.focus","type":"ui","data":{"id":2,"url":"https://discord.com/channels/1154045272620544061/1154045272620544069"}},{"timestamp":1703549550.803,"category":"electron","message":"app.browser-window-focus","type":"ui"},{"timestamp":1703549552.943,"category":"ui.click","message":"div.childWrapper__01b9c > svg > path"},{"timestamp":1703549554.563,"category":"electron","message":"window.blur","type":"ui","data":{"id":2,"url":"https://discord.com/channels/@me/896884223091298346"}},{"timestamp":1703549554.563,"category":"electron","message":"app.browser-window-blur","type":"ui"},{"timestamp":1703549797.515,"category":"electron","message":"window.focus","type":"ui","data":{"id":2,"url":"https://discord.com/channels/@me/896884223091298346"}},{"timestamp":1703549797.515,"category":"electron","message":"app.browser-window-focus","type":"ui"},{"timestamp":1703549798.615,"category":"electron","message":"window.blur","type":"ui","data":{"id":2,"url":"https://discord.com/channels/@me/896884223091298346"}},{"timestamp":1703549798.616,"category":"electron","message":"app.browser-window-blur","type":"ui"},{"timestamp":1703550189.153,"category":"electron","message":"window.focus","type":"ui","data":{"id":2,"url":"https://discord.com/channels/@me/896884223091298346"}},{"timestamp":1703550189.153,"category":"electron","message":"app.browser-window-focus","type":"ui"},{"timestamp":1703550191.272,"category":"ui.click","message":"div[aria-label=\"Servers\"] > div.wrapper_ed1dea > div.listItem_fa7b36"},{"timestamp":1703550191.619,"category":"ui.click","message":"div.folderIconWrapper__72239 > div.closedFolderIconWrapper__7321f"},{"timestamp":1703550192.781,"category":"ui.click","message":"div.wrapper_d281dd.selected_f5ec8e[aria-label=\"  CU Powerlifting\"]"},{"timestamp":1703550193.18,"category":"ui.click","message":"div.expandedFolderIconWrapper__458cf > svg > path"},{"timestamp":1703550194.437,"category":"electron","message":"window.blur","type":"ui","data":{"id":2,"url":"https://discord.com/channels/1154045272620544061/1154045272620544069"}},{"timestamp":1703550194.437,"category":"electron","message":"app.browser-window-blur","type":"ui"},{"timestamp":1703550489.504,"category":"electron","message":"window.focus","type":"ui","data":{"id":2,"url":"https://discord.com/channels/1154045272620544061/1154045272620544069"}},{"timestamp":1703550489.504,"category":"electron","message":"app.browser-window-focus","type":"ui"},{"timestamp":1703550491.395,"category":"ui.click","message":"div.childWrapper__01b9c > svg"},{"timestamp":1703550496.907,"category":"electron","message":"window.blur","type":"ui","data":{"id":2,"url":"https://discord.com/channels/@me/896884223091298346"}},{"timestamp":1703550496.907,"category":"electron","message":"app.browser-window-blur","type":"ui"},{"timestamp":1703550681.987,"category":"electron","message":"window.focus","type":"ui","data":{"id":2,"url":"https://discord.com/channels/@me/896884223091298346"}},{"timestamp":1703550681.987,"category":"electron","message":"app.browser-window-focus","type":"ui"},{"timestamp":1703550683.853,"category":"ui.click","message":"a.originalLink__94d5d"},{"timestamp":1703550688.626,"category":"ui.click","message":"div.layerContainer_d5a653 > div.backdrop__7e89b.withLayer__1fe9d"},{"timestamp":1703550689.576,"category":"ui.click","message":"a.originalLink__94d5d"},{"timestamp":1703550751.769,"category":"ui.click","message":"div.layerContainer_d5a653 > div.backdrop__7e89b.withLayer__1fe9d"},{"timestamp":1703550752.965,"category":"ui.click","message":"a.originalLink__94d5d"},{"timestamp":1703550753.642,"category":"ui.click","message":"div.layerContainer_d5a653 > div.backdrop__7e89b.withLayer__1fe9d"},{"timestamp":1703550755.849,"category":"ui.click","message":"div.message__80c10.cozyMessage__64ce7.groupStart__56db5.wrapper__09ecc.cozy_f5c119.zalgo__39311"},{"timestamp":1703550757.438,"category":"electron","message":"window.blur","type":"ui","data":{"id":2,"url":"https://discord.com/channels/@me/896884223091298346"}},{"timestamp":1703550757.438,"category":"electron","message":"app.browser-window-blur","type":"ui"},{"timestamp":1703550798.501,"category":"electron","message":"window.focus","type":"ui","data":{"id":2,"url":"https://discord.com/channels/@me/896884223091298346"}},{"timestamp":1703550798.501,"category":"electron","message":"app.browser-window-focus","type":"ui"},{"timestamp":1703550799.892,"category":"ui.click","message":"div"},{"timestamp":1703550800.8,"category":"electron","message":"window.blur","type":"ui","data":{"id":2,"url":"https://discord.com/channels/@me/896884223091298346"}},{"timestamp":1703550800.8,"category":"electron","message":"app.browser-window-blur","type":"ui"},{"timestamp":1703551589.084,"category":"console","level":"log","message":"mainScreen.UpdaterEvents: CHECK_FOR_UPDATES UPDATE_NOT_AVAILABLE"},{"timestamp":1703551589.085,"category":"console","level":"log","message":"2023-12-26T00:46:29.085Z [Modules] Host is up to date."},{"timestamp":1703551589.085,"category":"console","level":"log","message":"2023-12-26T00:46:29.085Z [Modules] Checking for module updates at https://discord.com/api/modules/stable/versions.json"},{"timestamp":1703551589.151,"type":"http","category":"electron.net","data":{"url":"https://discord.com/api/modules/stable/versions.json?host_version=0.0.39&platform=linux&_=5678505","method":"GET","status_code":200}},{"timestamp":1703551589.152,"category":"console","level":"log","message":"2023-12-26T00:46:29.152Z [Modules] No module updates available."},{"timestamp":1703551589.152,"category":"console","level":"log","message":"legacyModuleUpdater: update-check-finished"},{"timestamp":1703555189.084,"category":"console","level":"log","message":"mainScreen.UpdaterEvents: CHECK_FOR_UPDATES UPDATE_NOT_AVAILABLE"},{"timestamp":1703555189.084,"category":"console","level":"log","message":"2023-12-26T01:46:29.084Z [Modules] Host is up to date."},{"timestamp":1703555189.084,"category":"console","level":"log","message":"2023-12-26T01:46:29.084Z [Modules] Checking for module updates at https://discord.com/api/modules/stable/versions.json"},{"timestamp":1703555189.13,"type":"http","category":"electron.net","data":{"url":"https://discord.com/api/modules/stable/versions.json?host_version=0.0.39&platform=linux&_=5678517","method":"GET","status_code":200}},{"timestamp":1703555189.132,"category":"console","level":"log","message":"2023-12-26T01:46:29.132Z [Modules] No module updates available."},{"timestamp":1703555189.132,"category":"console","level":"log","message":"legacyModuleUpdater: update-check-finished"},{"timestamp":1703555888.742,"category":"electron","message":"window.focus","type":"ui","data":{"id":2,"url":"https://discord.com/channels/@me/896884223091298346"}},{"timestamp":1703555888.742,"category":"electron","message":"app.browser-window-focus","type":"ui"},{"timestamp":1703555892.709,"category":"ui.click","message":"div.markup_a7e664.editor__66464.slateTextArea__0661c.fontSize16Padding__48818[aria-label=\"Message Lifters Against The Industrial Revolution (and women's rights)\"]"},{"timestamp":1703555894.854,"category":"ui.click","message":"div.icon_c48348.guildIcon__2e5ab.iconSizeSmol__7ee47.iconInactive__90d40"},{"timestamp":1703555896.404,"category":"ui.click","message":"div.wrapper_d281dd.selected_f5ec8e[aria-label=\"  CU Powerlifting\"]"},{"timestamp":1703555897.004,"category":"ui.click","message":"div.folderIconWrapper__72239 > div.expandedFolderIconWrapper__458cf"},{"timestamp":1703555904.283,"category":"electron","message":"window.blur","type":"ui","data":{"id":2,"url":"https://discord.com/channels/1154045272620544061/1154045272620544068"}},{"timestamp":1703555904.283,"category":"electron","message":"app.browser-window-blur","type":"ui"},{"timestamp":1703557034.667,"category":"electron","message":"window.focus","type":"ui","data":{"id":2,"url":"https://discord.com/channels/1154045272620544061/1154045272620544068"}},{"timestamp":1703557034.668,"category":"electron","message":"app.browser-window-focus","type":"ui"},{"timestamp":1703557035.112,"category":"electron","message":"window.blur","type":"ui","data":{"id":2,"url":"https://discord.com/channels/1154045272620544061/1154045272620544068"}},{"timestamp":1703557035.112,"category":"electron","message":"app.browser-window-blur","type":"ui"},{"timestamp":1703606511.454,"category":"console","level":"log","message":"Discord 0.0.39"},{"timestamp":1703606511.522,"category":"electron","message":"app.will-finish-launching","type":"ui"},{"timestamp":1703606511.53,"category":"electron","message":"app.ready","type":"ui"},{"timestamp":1703606511.546,"category":"electron","message":"app.session-created","type":"ui"},{"timestamp":1703606511.546,"category":"console","level":"log","message":"Starting app."},{"timestamp":1703606511.549,"category":"console","level":"log","message":"Starting updater."},{"timestamp":1703606511.55,"category":"console","level":"log","message":"2023-12-26T16:01:51.550Z [Modules] Modules initializing"},{"timestamp":1703606511.55,"category":"console","level":"log","message":"2023-12-26T16:01:51.550Z [Modules] Distribution: remote"},{"timestamp":1703606511.55,"category":"console","level":"log","message":"2023-12-26T16:01:51.550Z [Modules] Host updates: disabled"},{"timestamp":1703606511.55,"category":"console","level":"log","message":"2023-12-26T16:01:51.550Z [Modules] Module updates: enabled"},{"timestamp":1703606511.551,"category":"console","level":"log","message":"2023-12-26T16:01:51.551Z [Modules] Module install path: /home/seanp/.config/discord/0.0.39/modules"},{"timestamp":1703606511.551,"category":"console","level":"log","message":"2023-12-26T16:01:51.551Z [Modules] Module installed file path: /home/seanp/.config/discord/0.0.39/modules/installed.json"},{"timestamp":1703606511.551,"category":"console","level":"log","message":"2023-12-26T16:01:51.551Z [Modules] Module download path: /home/seanp/.config/discord/0.0.39/modules/pending"},{"timestamp":1703606511.553,"category":"console","level":"log","message":"splashScreen.initSplash(false)"},{"timestamp":1703606511.564,"category":"electron","message":"app.web-contents-created","type":"ui"},{"timestamp":1703606511.565,"category":"electron","message":"app.browser-window-created","type":"ui"},{"timestamp":1703606511.573,"category":"electron","message":"renderer.load-url","type":"ui","data":{}},{"timestamp":1703606511.576,"category":"console","level":"log","message":"blackbox: 2023-12-26T16:01:51.576Z 0 \n\n----------------------------------------------"},{"timestamp":1703606511.588,"category":"electron","message":"app.gpu-info-update","type":"ui"},{"timestamp":1703606511.588,"category":"console","level":"log","message":"blackbox: 2023-12-26T16:01:51.588Z 1 Discord starting: {\"releaseChannel\":\"stable\",\"version\":\"0.0.39\"}, modulepath: /home/seanp/.config/discord/0.0.39/modules"},{"timestamp":1703606511.454,"category":"console","level":"log","message":"Discord 0.0.39"},{"timestamp":1703606511.522,"category":"electron","message":"app.will-finish-launching","type":"ui"},{"timestamp":1703606511.53,"category":"electron","message":"app.ready","type":"ui"},{"timestamp":1703606511.546,"category":"electron","message":"app.session-created","type":"ui"},{"timestamp":1703606511.546,"category":"console","level":"log","message":"Starting app."},{"timestamp":1703606511.549,"category":"console","level":"log","message":"Starting updater."},{"timestamp":1703606511.55,"category":"console","level":"log","message":"2023-12-26T16:01:51.550Z [Modules] Modules initializing"},{"timestamp":1703606511.55,"category":"console","level":"log","message":"2023-12-26T16:01:51.550Z [Modules] Distribution: remote"},{"timestamp":1703606511.55,"category":"console","level":"log","message":"2023-12-26T16:01:51.550Z [Modules] Host updates: disabled"},{"timestamp":1703606511.55,"category":"console","level":"log","message":"2023-12-26T16:01:51.550Z [Modules] Module updates: enabled"},{"timestamp":1703606511.551,"category":"console","level":"log","message":"2023-12-26T16:01:51.551Z [Modules] Module install path: /home/seanp/.config/discord/0.0.39/modules"},{"timestamp":1703606511.551,"category":"console","level":"log","message":"2023-12-26T16:01:51.551Z [Modules] Module installed file path: /home/seanp/.config/discord/0.0.39/modules/installed.json"},{"timestamp":1703606511.551,"category":"console","level":"log","message":"2023-12-26T16:01:51.551Z [Modules] Module download path: /home/seanp/.config/discord/0.0.39/modules/pending"},{"timestamp":1703606511.553,"category":"console","level":"log","message":"splashScreen.initSplash(false)"},{"timestamp":1703606511.564,"category":"electron","message":"app.web-contents-created","type":"ui"},{"timestamp":1703606511.565,"category":"electron","message":"app.browser-window-created","type":"ui"},{"timestamp":1703606511.573,"category":"electron","message":"renderer.load-url","type":"ui","data":{}},{"timestamp":1703606511.576,"category":"console","level":"log","message":"blackbox: 2023-12-26T16:01:51.576Z 0 \n\n----------------------------------------------"},{"timestamp":1703606511.588,"category":"electron","message":"app.gpu-info-update","type":"ui"},{"timestamp":1703606511.588,"category":"console","level":"log","message":"blackbox: 2023-12-26T16:01:51.588Z 1 Discord starting: {\"releaseChannel\":\"stable\",\"version\":\"0.0.39\"}, modulepath: /home/seanp/.config/discord/0.0.39/modules"},{"timestamp":1703606511.608,"category":"console","level":"log","message":"blackbox: 2023-12-26T16:01:51.608Z 2 ✅ webContents.created web1 \"\""}],"modules":{"mkdirp":"0.5.5","rimraf":"2.7.1","glob":"7.1.7","fs.realpath":"1.0.0","minimatch":"3.1.2","brace-expansion":"1.1.11","concat-map":"0.0.1","balanced-match":"1.0.2","inherits":"2.0.4","path-is-absolute":"1.0.1","inflight":"1.0.6","wrappy":"1.0.2","once":"1.4.0","yauzl":"2.10.0","fd-slicer":"1.1.0","pend":"1.2.0","buffer-crc32":"0.2.13","request":"2.88.0","extend":"3.0.2","tough-cookie":"2.4.3","psl":"1.8.0","json-stringify-safe":"5.0.1","safe-buffer":"5.2.1","aws-sign2":"0.7.0","aws4":"1.11.0","http-signature":"1.2.0","assert-plus":"1.0.0","sshpk":"1.16.1","safer-buffer":"2.1.2","asn1":"0.2.4","ecc-jsbn":"0.1.2","jsbn":"0.1.1","tweetnacl":"0.14.5","jsprim":"1.4.1","extsprintf":"1.3.0","verror":"1.10.0","core-util-is":"1.0.2","json-schema":"0.2.3","mime-types":"2.1.32","mime-db":"1.49.0","caseless":"0.12.0","forever-agent":"0.6.1","form-data":"2.3.3","combined-stream":"1.0.8","delayed-stream":"1.0.0","asynckit":"0.4.0","isstream":"0.1.2","is-typedarray":"1.0.0","qs":"6.5.3","har-validator":"5.1.5","ajv":"6.12.6","uri-js":"4.4.1","fast-deep-equal":"3.1.3","json-schema-traverse":"0.4.1","fast-json-stable-stringify":"2.1.0","har-schema":"2.0.0","uuid":"3.4.0","oauth-sign":"0.9.0","tunnel-agent":"0.6.0","performance-now":"2.1.0","arch":"2.2.0","https-proxy-agent":"5.0.1","ms":"2.1.2","agent-base":"6.0.2","lru_map":"0.3.3","cookie":"0.5.0","deepmerge":"4.3.0"},"event_id":"f3aefc9607294af286c82c53dc57e550","timestamp":1703606511.612,"extra":{"release_channel":"stable","sentry":{"environment":"stable","release":"0.0.39"},"wm":"Hyprland,unknown"}}
2023-12-26T16:01:51.647Z 7: Sentry report: {"sdk":{"name":"sentry.javascript.electron","packages":[{"name":"npm:@sentry/electron","version":"4.13.0"}],"version":"4.13.0","integrations":["SentryMinidump","ElectronBreadcrumbs","Net","MainContext","ChildProcess","OnUncaughtException","PreloadInjection","AdditionalContext","Screenshots","InboundFilters","FunctionToString","Console","Http","Undici","OnUnhandledRejection","ContextLines","LocalVariables","Modules","RequestData","LinkedErrors","SentryMinidump","ElectronBreadcrumbs","Net","MainContext","ChildProcess","OnUncaughtException","PreloadInjection","AdditionalContext","Screenshots","InboundFilters","FunctionToString","Console","Http","Undici","OnUnhandledRejection","ContextLines","LocalVariables","Modules","RequestData","LinkedErrors"]},"contexts":{"trace":{"trace_id":"2b8ef93ed48f4fe991f5657dd53b2805","span_id":"9a95c9381c53fab6"},"app":{"app_name":"discord","app_version":"0.0.39","app_start_time":"2023-12-25T21:46:25.451Z"},"os":{"kernel_version":"6.6.8-arch1-1","name":"Arch Linux"},"browser":{"name":"Chrome"},"chrome":{"name":"Chrome","type":"runtime","version":"108.0.5359.215"},"device":{"arch":"x64","family":"Desktop","language":"en-US","screen_density":1,"screen_resolution":"1920x1080","memory_size":16505638912,"free_memory":13552054272,"processor_count":8,"cpu_description":"11th Gen Intel(R) Core(TM) i5-11320H @ 3.20GHz","processor_frequency":1568},"node":{"name":"Node","type":"runtime","version":"16.17.1"},"runtime":{"name":"Electron","version":"22.3.26"}},"environment":"stable","release":"0.0.39","user":{"ip_address":"{{auto}}","id":"332971591988150282","username":"comically_large_chungus","email":"seanpruss5@gmail.com"},"tags":{"event.origin":"electron","event.environment":"native","event.process":"browser","event_type":"native","nativeBuildNumber":"null"},"level":"fatal","platform":"native","breadcrumbs":[{"timestamp":1703549071.873,"category":"ui.click","message":"div.wrapper__76d8d.modalCarouselWrapper__3b183"},{"timestamp":1703549073.927,"category":"ui.click","message":"div"},{"timestamp":1703549076.572,"category":"ui.input","message":"div.markup_a7e664.editor__66464.slateTextArea__0661c.fontSize16Padding__48818[aria-label=\"Message #form-check\"]"},{"timestamp":1703549083.864,"category":"ui.input","message":"div.markup_a7e664.editor__66464.slateTextArea__0661c.fontSize16Padding__48818[aria-label=\"Message #form-check\"]"},{"timestamp":1703549091.664,"category":"ui.input","message":"div.markup_a7e664.editor__66464.slateTextArea__0661c.fontSize16Padding__48818[aria-label=\"Message #form-check\"]"},{"timestamp":1703549095.05,"category":"ui.click","message":"div.folderIconWrapper__72239 > div.expandedFolderIconWrapper__458cf"},{"timestamp":1703549095.425,"category":"ui.click","message":"div.folderIconWrapper__72239 > div.closedFolderIconWrapper__7321f"},{"timestamp":1703549097.591,"category":"ui.click","message":"div.wrapper_d281dd.selected_f5ec8e[aria-label=\" 9,667 mentions, Sean's sex dungeon\"]"},{"timestamp":1703549098,"category":"ui.click","message":"div.folderIconWrapper__72239 > div.expandedFolderIconWrapper__458cf"},{"timestamp":1703549100.291,"category":"electron","message":"window.blur","type":"ui","data":{"id":2,"url":"https://discord.com/channels/819567573371846666/819567573371846669"}},{"timestamp":1703549100.292,"category":"electron","message":"app.browser-window-blur","type":"ui"},{"timestamp":1703549196.206,"category":"electron","message":"window.focus","type":"ui","data":{"id":2,"url":"https://discord.com/channels/819567573371846666/819567573371846669"}},{"timestamp":1703549196.206,"category":"electron","message":"app.browser-window-focus","type":"ui"},{"timestamp":1703549199.552,"category":"ui.click","message":"div.folderIconWrapper__72239 > div.closedFolderIconWrapper__7321f"},{"timestamp":1703549200.88,"category":"ui.click","message":"div.wrapper_d281dd.selected_f5ec8e[aria-label=\"  CU Powerlifting\"]"},{"timestamp":1703549201.368,"category":"ui.click","message":"div.folderIconWrapper__72239 > div.expandedFolderIconWrapper__458cf > svg"},{"timestamp":1703549202.874,"category":"ui.click","message":"div"},{"timestamp":1703549209.327,"category":"electron","message":"window.blur","type":"ui","data":{"id":2,"url":"https://discord.com/channels/1154045272620544061/1154045272620544069"}},{"timestamp":1703549209.327,"category":"electron","message":"app.browser-window-blur","type":"ui"},{"timestamp":1703549223.419,"category":"electron","message":"window.focus","type":"ui","data":{"id":2,"url":"https://discord.com/channels/1154045272620544061/1154045272620544069"}},{"timestamp":1703549223.42,"category":"electron","message":"app.browser-window-focus","type":"ui"},{"timestamp":1703549225.548,"category":"ui.click","message":"div"},{"timestamp":1703549230.576,"category":"electron","message":"window.blur","type":"ui","data":{"id":2,"url":"https://discord.com/channels/1154045272620544061/1154045272620544069"}},{"timestamp":1703549230.576,"category":"electron","message":"app.browser-window-blur","type":"ui"},{"timestamp":1703549234.271,"category":"electron","message":"window.focus","type":"ui","data":{"id":2,"url":"https://discord.com/channels/1154045272620544061/1154045272620544069"}},{"timestamp":1703549234.271,"category":"electron","message":"app.browser-window-focus","type":"ui"},{"timestamp":1703549238.148,"category":"ui.input","message":"div.markup_a7e664.editor__66464.slateTextArea__0661c.fontSize16Padding__48818[aria-label=\"Message #form-check\"]"},{"timestamp":1703549248.236,"category":"electron","message":"window.blur","type":"ui","data":{"id":2,"url":"https://discord.com/channels/1154045272620544061/1154045272620544069"}},{"timestamp":1703549248.236,"category":"electron","message":"app.browser-window-blur","type":"ui"},{"timestamp":1703549257.905,"category":"electron","message":"window.focus","type":"ui","data":{"id":2,"url":"https://discord.com/channels/1154045272620544061/1154045272620544069"}},{"timestamp":1703549257.905,"category":"electron","message":"app.browser-window-focus","type":"ui"},{"timestamp":1703549259.038,"category":"ui.input","message":"div.markup_a7e664.editor__66464.slateTextArea__0661c.fontSize16Padding__48818[aria-label=\"Message #form-check\"]"},{"timestamp":1703549265.294,"category":"ui.input","message":"div.markup_a7e664.editor__66464.slateTextArea__0661c.fontSize16Padding__48818[aria-label=\"Message #form-check\"]"},{"timestamp":1703549268.431,"category":"ui.input","message":"div.markup_a7e664.editor__66464.slateTextArea__0661c.fontSize16Padding__48818[aria-label=\"Message #form-check\"]"},{"timestamp":1703549275.215,"category":"ui.input","message":"div.markup_a7e664.editor__66464.slateTextArea__0661c.fontSize16Padding__48818[aria-label=\"Message #form-check\"]"},{"timestamp":1703549280.402,"category":"ui.input","message":"div.markup_a7e664.editor__66464.slateTextArea__0661c.fontSize16Padding__48818[aria-label=\"Message #form-check\"]"},{"timestamp":1703549285.854,"category":"electron","message":"window.blur","type":"ui","data":{"id":2,"url":"https://discord.com/channels/1154045272620544061/1154045272620544069"}},{"timestamp":1703549285.854,"category":"electron","message":"app.browser-window-blur","type":"ui"},{"timestamp":1703549550.803,"category":"electron","message":"window.focus","type":"ui","data":{"id":2,"url":"https://discord.com/channels/1154045272620544061/1154045272620544069"}},{"timestamp":1703549550.803,"category":"electron","message":"app.browser-window-focus","type":"ui"},{"timestamp":1703549552.943,"category":"ui.click","message":"div.childWrapper__01b9c > svg > path"},{"timestamp":1703549554.563,"category":"electron","message":"window.blur","type":"ui","data":{"id":2,"url":"https://discord.com/channels/@me/896884223091298346"}},{"timestamp":1703549554.563,"category":"electron","message":"app.browser-window-blur","type":"ui"},{"timestamp":1703549797.515,"category":"electron","message":"window.focus","type":"ui","data":{"id":2,"url":"https://discord.com/channels/@me/896884223091298346"}},{"timestamp":1703549797.515,"category":"electron","message":"app.browser-window-focus","type":"ui"},{"timestamp":1703549798.615,"category":"electron","message":"window.blur","type":"ui","data":{"id":2,"url":"https://discord.com/channels/@me/896884223091298346"}},{"timestamp":1703549798.616,"category":"electron","message":"app.browser-window-blur","type":"ui"},{"timestamp":1703550189.153,"category":"electron","message":"window.focus","type":"ui","data":{"id":2,"url":"https://discord.com/channels/@me/896884223091298346"}},{"timestamp":1703550189.153,"category":"electron","message":"app.browser-window-focus","type":"ui"},{"timestamp":1703550191.272,"category":"ui.click","message":"div[aria-label=\"Servers\"] > div.wrapper_ed1dea > div.listItem_fa7b36"},{"timestamp":1703550191.619,"category":"ui.click","message":"div.folderIconWrapper__72239 > div.closedFolderIconWrapper__7321f"},{"timestamp":1703550192.781,"category":"ui.click","message":"div.wrapper_d281dd.selected_f5ec8e[aria-label=\"  CU Powerlifting\"]"},{"timestamp":1703550193.18,"category":"ui.click","message":"div.expandedFolderIconWrapper__458cf > svg > path"},{"timestamp":1703550194.437,"category":"electron","message":"window.blur","type":"ui","data":{"id":2,"url":"https://discord.com/channels/1154045272620544061/1154045272620544069"}},{"timestamp":1703550194.437,"category":"electron","message":"app.browser-window-blur","type":"ui"},{"timestamp":1703550489.504,"category":"electron","message":"window.focus","type":"ui","data":{"id":2,"url":"https://discord.com/channels/1154045272620544061/1154045272620544069"}},{"timestamp":1703550489.504,"category":"electron","message":"app.browser-window-focus","type":"ui"},{"timestamp":1703550491.395,"category":"ui.click","message":"div.childWrapper__01b9c > svg"},{"timestamp":1703550496.907,"category":"electron","message":"window.blur","type":"ui","data":{"id":2,"url":"https://discord.com/channels/@me/896884223091298346"}},{"timestamp":1703550496.907,"category":"electron","message":"app.browser-window-blur","type":"ui"},{"timestamp":1703550681.987,"category":"electron","message":"window.focus","type":"ui","data":{"id":2,"url":"https://discord.com/channels/@me/896884223091298346"}},{"timestamp":1703550681.987,"category":"electron","message":"app.browser-window-focus","type":"ui"},{"timestamp":1703550683.853,"category":"ui.click","message":"a.originalLink__94d5d"},{"timestamp":1703550688.626,"category":"ui.click","message":"div.layerContainer_d5a653 > div.backdrop__7e89b.withLayer__1fe9d"},{"timestamp":1703550689.576,"category":"ui.click","message":"a.originalLink__94d5d"},{"timestamp":1703550751.769,"category":"ui.click","message":"div.layerContainer_d5a653 > div.backdrop__7e89b.withLayer__1fe9d"},{"timestamp":1703550752.965,"category":"ui.click","message":"a.originalLink__94d5d"},{"timestamp":1703550753.642,"category":"ui.click","message":"div.layerContainer_d5a653 > div.backdrop__7e89b.withLayer__1fe9d"},{"timestamp":1703550755.849,"category":"ui.click","message":"div.message__80c10.cozyMessage__64ce7.groupStart__56db5.wrapper__09ecc.cozy_f5c119.zalgo__39311"},{"timestamp":1703550757.438,"category":"electron","message":"window.blur","type":"ui","data":{"id":2,"url":"https://discord.com/channels/@me/896884223091298346"}},{"timestamp":1703550757.438,"category":"electron","message":"app.browser-window-blur","type":"ui"},{"timestamp":1703550798.501,"category":"electron","message":"window.focus","type":"ui","data":{"id":2,"url":"https://discord.com/channels/@me/896884223091298346"}},{"timestamp":1703550798.501,"category":"electron","message":"app.browser-window-focus","type":"ui"},{"timestamp":1703550799.892,"category":"ui.click","message":"div"},{"timestamp":1703550800.8,"category":"electron","message":"window.blur","type":"ui","data":{"id":2,"url":"https://discord.com/channels/@me/896884223091298346"}},{"timestamp":1703550800.8,"category":"electron","message":"app.browser-window-blur","type":"ui"},{"timestamp":1703551589.084,"category":"console","level":"log","message":"mainScreen.UpdaterEvents: CHECK_FOR_UPDATES UPDATE_NOT_AVAILABLE"},{"timestamp":1703551589.085,"category":"console","level":"log","message":"2023-12-26T00:46:29.085Z [Modules] Host is up to date."},{"timestamp":1703551589.085,"category":"console","level":"log","message":"2023-12-26T00:46:29.085Z [Modules] Checking for module updates at https://discord.com/api/modules/stable/versions.json"},{"timestamp":1703551589.151,"type":"http","category":"electron.net","data":{"url":"https://discord.com/api/modules/stable/versions.json?host_version=0.0.39&platform=linux&_=5678505","method":"GET","status_code":200}},{"timestamp":1703551589.152,"category":"console","level":"log","message":"2023-12-26T00:46:29.152Z [Modules] No module updates available."},{"timestamp":1703551589.152,"category":"console","level":"log","message":"legacyModuleUpdater: update-check-finished"},{"timestamp":1703555189.084,"category":"console","level":"log","message":"mainScreen.UpdaterEvents: CHECK_FOR_UPDATES UPDATE_NOT_AVAILABLE"},{"timestamp":1703555189.084,"category":"console","level":"log","message":"2023-12-26T01:46:29.084Z [Modules] Host is up to date."},{"timestamp":1703555189.084,"category":"console","level":"log","message":"2023-12-26T01:46:29.084Z [Modules] Checking for module updates at https://discord.com/api/modules/stable/versions.json"},{"timestamp":1703555189.13,"type":"http","category":"electron.net","data":{"url":"https://discord.com/api/modules/stable/versions.json?host_version=0.0.39&platform=linux&_=5678517","method":"GET","status_code":200}},{"timestamp":1703555189.132,"category":"console","level":"log","message":"2023-12-26T01:46:29.132Z [Modules] No module updates available."},{"timestamp":1703555189.132,"category":"console","level":"log","message":"legacyModuleUpdater: update-check-finished"},{"timestamp":1703555888.742,"category":"electron","message":"window.focus","type":"ui","data":{"id":2,"url":"https://discord.com/channels/@me/896884223091298346"}},{"timestamp":1703555888.742,"category":"electron","message":"app.browser-window-focus","type":"ui"},{"timestamp":1703555892.709,"category":"ui.click","message":"div.markup_a7e664.editor__66464.slateTextArea__0661c.fontSize16Padding__48818[aria-label=\"Message Lifters Against The Industrial Revolution (and women's rights)\"]"},{"timestamp":1703555894.854,"category":"ui.click","message":"div.icon_c48348.guildIcon__2e5ab.iconSizeSmol__7ee47.iconInactive__90d40"},{"timestamp":1703555896.404,"category":"ui.click","message":"div.wrapper_d281dd.selected_f5ec8e[aria-label=\"  CU Powerlifting\"]"},{"timestamp":1703555897.004,"category":"ui.click","message":"div.folderIconWrapper__72239 > div.expandedFolderIconWrapper__458cf"},{"timestamp":1703555904.283,"category":"electron","message":"window.blur","type":"ui","data":{"id":2,"url":"https://discord.com/channels/1154045272620544061/1154045272620544068"}},{"timestamp":1703555904.283,"category":"electron","message":"app.browser-window-blur","type":"ui"},{"timestamp":1703557034.667,"category":"electron","message":"window.focus","type":"ui","data":{"id":2,"url":"https://discord.com/channels/1154045272620544061/1154045272620544068"}},{"timestamp":1703557034.668,"category":"electron","message":"app.browser-window-focus","type":"ui"},{"timestamp":1703557035.112,"category":"electron","message":"window.blur","type":"ui","data":{"id":2,"url":"https://discord.com/channels/1154045272620544061/1154045272620544068"}},{"timestamp":1703557035.112,"category":"electron","message":"app.browser-window-blur","type":"ui"},{"timestamp":1703606511.454,"category":"console","level":"log","message":"Discord 0.0.39"},{"timestamp":1703606511.522,"category":"electron","message":"app.will-finish-launching","type":"ui"},{"timestamp":1703606511.53,"category":"electron","message":"app.ready","type":"ui"},{"timestamp":1703606511.546,"category":"electron","message":"app.session-created","type":"ui"},{"timestamp":1703606511.546,"category":"console","level":"log","message":"Starting app."},{"timestamp":1703606511.549,"category":"console","level":"log","message":"Starting updater."},{"timestamp":1703606511.55,"category":"console","level":"log","message":"2023-12-26T16:01:51.550Z [Modules] Modules initializing"},{"timestamp":1703606511.55,"category":"console","level":"log","message":"2023-12-26T16:01:51.550Z [Modules] Distribution: remote"},{"timestamp":1703606511.55,"category":"console","level":"log","message":"2023-12-26T16:01:51.550Z [Modules] Host updates: disabled"},{"timestamp":1703606511.55,"category":"console","level":"log","message":"2023-12-26T16:01:51.550Z [Modules] Module updates: enabled"},{"timestamp":1703606511.551,"category":"console","level":"log","message":"2023-12-26T16:01:51.551Z [Modules] Module install path: /home/seanp/.config/discord/0.0.39/modules"},{"timestamp":1703606511.551,"category":"console","level":"log","message":"2023-12-26T16:01:51.551Z [Modules] Module installed file path: /home/seanp/.config/discord/0.0.39/modules/installed.json"},{"timestamp":1703606511.551,"category":"console","level":"log","message":"2023-12-26T16:01:51.551Z [Modules] Module download path: /home/seanp/.config/discord/0.0.39/modules/pending"},{"timestamp":1703606511.553,"category":"console","level":"log","message":"splashScreen.initSplash(false)"},{"timestamp":1703606511.564,"category":"electron","message":"app.web-contents-created","type":"ui"},{"timestamp":1703606511.565,"category":"electron","message":"app.browser-window-created","type":"ui"},{"timestamp":1703606511.573,"category":"electron","message":"renderer.load-url","type":"ui","data":{}},{"timestamp":1703606511.576,"category":"console","level":"log","message":"blackbox: 2023-12-26T16:01:51.576Z 0 \n\n----------------------------------------------"},{"timestamp":1703606511.588,"category":"electron","message":"app.gpu-info-update","type":"ui"},{"timestamp":1703606511.588,"category":"console","level":"log","message":"blackbox: 2023-12-26T16:01:51.588Z 1 Discord starting: {\"releaseChannel\":\"stable\",\"version\":\"0.0.39\"}, modulepath: /home/seanp/.config/discord/0.0.39/modules"},{"timestamp":1703606511.454,"category":"console","level":"log","message":"Discord 0.0.39"},{"timestamp":1703606511.522,"category":"electron","message":"app.will-finish-launching","type":"ui"},{"timestamp":1703606511.53,"category":"electron","message":"app.ready","type":"ui"},{"timestamp":1703606511.546,"category":"electron","message":"app.session-created","type":"ui"},{"timestamp":1703606511.546,"category":"console","level":"log","message":"Starting app."},{"timestamp":1703606511.549,"category":"console","level":"log","message":"Starting updater."},{"timestamp":1703606511.55,"category":"console","level":"log","message":"2023-12-26T16:01:51.550Z [Modules] Modules initializing"},{"timestamp":1703606511.55,"category":"console","level":"log","message":"2023-12-26T16:01:51.550Z [Modules] Distribution: remote"},{"timestamp":1703606511.55,"category":"console","level":"log","message":"2023-12-26T16:01:51.550Z [Modules] Host updates: disabled"},{"timestamp":1703606511.55,"category":"console","level":"log","message":"2023-12-26T16:01:51.550Z [Modules] Module updates: enabled"},{"timestamp":1703606511.551,"category":"console","level":"log","message":"2023-12-26T16:01:51.551Z [Modules] Module install path: /home/seanp/.config/discord/0.0.39/modules"},{"timestamp":1703606511.551,"category":"console","level":"log","message":"2023-12-26T16:01:51.551Z [Modules] Module installed file path: /home/seanp/.config/discord/0.0.39/modules/installed.json"},{"timestamp":1703606511.551,"category":"console","level":"log","message":"2023-12-26T16:01:51.551Z [Modules] Module download path: /home/seanp/.config/discord/0.0.39/modules/pending"},{"timestamp":1703606511.553,"category":"console","level":"log","message":"splashScreen.initSplash(false)"},{"timestamp":1703606511.564,"category":"electron","message":"app.web-contents-created","type":"ui"},{"timestamp":1703606511.565,"category":"electron","message":"app.browser-window-created","type":"ui"},{"timestamp":1703606511.573,"category":"electron","message":"renderer.load-url","type":"ui","data":{}},{"timestamp":1703606511.576,"category":"console","level":"log","message":"blackbox: 2023-12-26T16:01:51.576Z 0 \n\n----------------------------------------------"},{"timestamp":1703606511.588,"category":"electron","message":"app.gpu-info-update","type":"ui"},{"timestamp":1703606511.588,"category":"console","level":"log","message":"blackbox: 2023-12-26T16:01:51.588Z 1 Discord starting: {\"releaseChannel\":\"stable\",\"version\":\"0.0.39\"}, modulepath: /home/seanp/.config/discord/0.0.39/modules"},{"timestamp":1703606511.608,"category":"console","level":"log","message":"blackbox: 2023-12-26T16:01:51.608Z 2 ✅ webContents.created web1 \"\""},{"timestamp":1703606511.625,"category":"console","level":"log","message":"blackbox: 2023-12-26T16:01:51.625Z 3 ✅ window.created win1 \"discord\""},{"timestamp":1703606511.632,"category":"console","level":"log","message":"blackbox: 2023-12-26T16:01:51.632Z 4 Wrote 138864 byte minidump to /home/seanp/.config/discord/0.0.39/modules/crashlogs/2023_12_26T16_01_51_625Z-0-minidump.dmp"}],"modules":{"mkdirp":"0.5.5","rimraf":"2.7.1","glob":"7.1.7","fs.realpath":"1.0.0","minimatch":"3.1.2","brace-expansion":"1.1.11","concat-map":"0.0.1","balanced-match":"1.0.2","inherits":"2.0.4","path-is-absolute":"1.0.1","inflight":"1.0.6","wrappy":"1.0.2","once":"1.4.0","yauzl":"2.10.0","fd-slicer":"1.1.0","pend":"1.2.0","buffer-crc32":"0.2.13","request":"2.88.0","extend":"3.0.2","tough-cookie":"2.4.3","psl":"1.8.0","json-stringify-safe":"5.0.1","safe-buffer":"5.2.1","aws-sign2":"0.7.0","aws4":"1.11.0","http-signature":"1.2.0","assert-plus":"1.0.0","sshpk":"1.16.1","safer-buffer":"2.1.2","asn1":"0.2.4","ecc-jsbn":"0.1.2","jsbn":"0.1.1","tweetnacl":"0.14.5","jsprim":"1.4.1","extsprintf":"1.3.0","verror":"1.10.0","core-util-is":"1.0.2","json-schema":"0.2.3","mime-types":"2.1.32","mime-db":"1.49.0","caseless":"0.12.0","forever-agent":"0.6.1","form-data":"2.3.3","combined-stream":"1.0.8","delayed-stream":"1.0.0","asynckit":"0.4.0","isstream":"0.1.2","is-typedarray":"1.0.0","qs":"6.5.3","har-validator":"5.1.5","ajv":"6.12.6","uri-js":"4.4.1","fast-deep-equal":"3.1.3","json-schema-traverse":"0.4.1","fast-json-stable-stringify":"2.1.0","har-schema":"2.0.0","uuid":"3.4.0","oauth-sign":"0.9.0","tunnel-agent":"0.6.0","performance-now":"2.1.0","arch":"2.2.0","https-proxy-agent":"5.0.1","ms":"2.1.2","agent-base":"6.0.2","lru_map":"0.3.3","cookie":"0.5.0","deepmerge":"4.3.0"},"event_id":"d590c35b4b2d4f4087556d8c0b0f2083","timestamp":1703606511.632,"extra":{"release_channel":"stable","sentry":{"environment":"stable","release":"0.0.39"},"wm":"Hyprland,unknown"}}
2023-12-26T16:01:51.832Z 8: ✅ webContents.did-finish-load web1
2023-12-26T16:01:51.915Z 9: ✅ webContents.created web2 ""
2023-12-26T16:01:51.919Z 10: ✅ window.created win2 "Discord"
2023-12-26T16:01:54.077Z 11: ✅ webContents.did-finish-load web2
2023-12-26T16:01:54.173Z 12: window.close win1
2023-12-26T16:01:54.199Z 13: webContents.destroyed web1
2023-12-26T16:01:54.202Z 14: window.closed win1
2023-12-26T18:09:49.450Z 15: before-quit
2023-12-26T18:09:49.456Z 16: window.close win2
2023-12-26T18:12:25.756Z 0: 

----------------------------------------------
2023-12-26T18:12:25.774Z 1: Discord starting: {"releaseChannel":"stable","version":"0.0.39"}, modulepath: /home/seanp/.config/discord/0.0.39/modules
2023-12-26T18:12:25.781Z 2: ✅ webContents.created web1 ""
2023-12-26T18:12:25.785Z 3: ✅ window.created win1 "discord"
2023-12-26T18:12:25.952Z 4: ✅ webContents.did-finish-load web1
2023-12-26T18:12:26.036Z 5: ✅ webContents.created web2 ""
2023-12-26T18:12:26.041Z 6: ✅ window.created win2 "Discord"
2023-12-26T18:12:27.609Z 7: ✅ webContents.did-finish-load web2
2023-12-26T18:12:27.706Z 8: window.close win1
2023-12-26T18:12:27.726Z 9: webContents.destroyed web1
2023-12-26T18:12:27.729Z 10: window.closed win1
2023-12-26T18:12:31.232Z 11: window.close win2
2023-12-26T18:14:50.604Z 0: 

----------------------------------------------
2023-12-26T18:14:50.609Z 1: Discord starting: {"releaseChannel":"stable","version":"0.0.39"}, modulepath: /home/seanp/.config/discord/0.0.39/modules
2023-12-26T18:14:54.715Z 12: window.close win2
2023-12-26T22:09:34.891Z 0: 

----------------------------------------------
2023-12-26T22:09:34.901Z 1: Discord starting: {"releaseChannel":"stable","version":"0.0.39"}, modulepath: /home/seanp/.config/discord/0.0.39/modules
2023-12-26T22:09:34.922Z 2: ✅ webContents.created web1 ""
2023-12-26T22:09:34.930Z 3: ✅ window.created win1 "discord"
2023-12-26T22:09:35.198Z 4: ✅ webContents.created web2 ""
2023-12-26T22:09:35.204Z 5: ✅ window.created win2 "Discord"
2023-12-26T22:09:35.208Z 6: ✅ webContents.did-finish-load web1
2023-12-26T22:09:37.459Z 7: ✅ webContents.did-finish-load web2
2023-12-26T22:09:37.558Z 8: window.close win1
2023-12-26T22:09:37.563Z 9: webContents.destroyed web1
2023-12-26T22:09:37.569Z 10: window.closed win1
2023-12-26T22:24:14.004Z 0: 

----------------------------------------------
2023-12-26T22:24:14.024Z 1: Discord starting: {"releaseChannel":"stable","version":"0.0.39"}, modulepath: /home/seanp/.config/discord/0.0.39/modules
2023-12-26T22:24:18.792Z 0: 

----------------------------------------------
2023-12-26T22:24:18.801Z 1: Discord starting: {"releaseChannel":"stable","version":"0.0.39"}, modulepath: /home/seanp/.config/discord/0.0.39/modules
2023-12-26T22:24:22.458Z 0: 

----------------------------------------------
2023-12-26T22:24:22.475Z 1: Discord starting: {"releaseChannel":"stable","version":"0.0.39"}, modulepath: /home/seanp/.config/discord/0.0.39/modules
2023-12-26T22:24:27.759Z 11: window.close win2
2023-12-26T22:24:30.727Z 0: 

----------------------------------------------
2023-12-26T22:24:30.734Z 1: Discord starting: {"releaseChannel":"stable","version":"0.0.39"}, modulepath: /home/seanp/.config/discord/0.0.39/modules
2023-12-27T00:38:09.301Z 0: 

----------------------------------------------
2023-12-27T00:38:09.312Z 1: Discord starting: {"releaseChannel":"stable","version":"0.0.39"}, modulepath: /home/seanp/.config/discord/0.0.39/modules
2023-12-27T00:38:09.333Z 2: ✅ webContents.created web1 ""
2023-12-27T00:38:09.337Z 3: ✅ window.created win1 "discord"
2023-12-27T00:38:09.590Z 4: ✅ webContents.did-finish-load web1
2023-12-27T00:38:09.721Z 5: ✅ webContents.created web2 ""
2023-12-27T00:38:09.727Z 6: ✅ window.created win2 "Discord"
2023-12-27T00:38:12.102Z 7: ✅ webContents.did-finish-load web2
2023-12-27T00:38:12.197Z 8: window.close win1
2023-12-27T00:38:12.236Z 9: webContents.destroyed web1
2023-12-27T00:38:12.238Z 10: window.closed win1
2023-12-27T02:14:45.132Z 11: before-quit
2023-12-27T12:39:11.815Z 0: 

----------------------------------------------
2023-12-27T12:39:11.828Z 1: Discord starting: {"releaseChannel":"stable","version":"0.0.39"}, modulepath: /home/seanp/.config/discord/0.0.39/modules
2023-12-27T12:39:11.850Z 2: ✅ webContents.created web1 ""
2023-12-27T12:39:11.853Z 3: ✅ window.created win1 "discord"
2023-12-27T12:39:12.067Z 4: ✅ webContents.did-finish-load web1
2023-12-27T12:39:12.191Z 5: ✅ webContents.created web2 ""
2023-12-27T12:39:12.196Z 6: ✅ window.created win2 "Discord"
2023-12-27T12:39:14.544Z 7: ✅ webContents.did-finish-load web2
2023-12-27T12:39:14.640Z 8: window.close win1
2023-12-27T12:39:14.670Z 9: webContents.destroyed web1
2023-12-27T12:39:14.672Z 10: window.closed win1
2023-12-27T13:02:25.167Z 11: window.close win2
2023-12-27T13:03:28.278Z 12: before-quit
2023-12-27T13:03:28.281Z 13: window.close win2
2023-12-27T14:27:09.973Z 0: 

----------------------------------------------
2023-12-27T14:27:09.984Z 1: Discord starting: {"releaseChannel":"stable","version":"0.0.39"}, modulepath: /home/seanp/.config/discord/0.0.39/modules
2023-12-27T14:27:10.007Z 2: ✅ webContents.created web1 ""
2023-12-27T14:27:10.011Z 3: ✅ window.created win1 "discord"
2023-12-27T14:27:10.237Z 4: ✅ webContents.did-finish-load web1
2023-12-27T14:27:10.464Z 5: ✅ webContents.created web2 ""
2023-12-27T14:27:10.470Z 6: ✅ window.created win2 "Discord"
2023-12-27T14:27:12.919Z 7: ✅ webContents.did-finish-load web2
2023-12-27T14:27:13.016Z 8: window.close win1
2023-12-27T14:27:13.038Z 9: webContents.destroyed web1
2023-12-27T14:27:13.042Z 10: window.closed win1
2023-12-27T14:48:21.213Z 0: 

----------------------------------------------
2023-12-27T14:48:21.229Z 1: Discord starting: {"releaseChannel":"stable","version":"0.0.39"}, modulepath: /home/seanp/.config/discord/0.0.39/modules
2023-12-27T14:48:21.251Z 2: ✅ webContents.created web1 ""
2023-12-27T14:48:21.256Z 3: ✅ window.created win1 "discord"
2023-12-27T14:48:21.484Z 4: ✅ webContents.did-finish-load web1
2023-12-27T14:48:21.650Z 5: ✅ webContents.created web2 ""
2023-12-27T14:48:21.656Z 6: ✅ window.created win2 "Discord"
2023-12-27T14:48:27.162Z 7: ✅ webContents.did-finish-load web2
2023-12-27T14:48:27.262Z 8: window.close win1
2023-12-27T14:48:27.284Z 9: webContents.destroyed web1
2023-12-27T14:48:27.287Z 10: window.closed win1
2023-12-27T22:24:58.206Z 0: 

----------------------------------------------
2023-12-27T22:24:58.218Z 1: Discord starting: {"releaseChannel":"stable","version":"0.0.39"}, modulepath: /home/seanp/.config/discord/0.0.39/modules
2023-12-27T22:24:58.239Z 2: ✅ webContents.created web1 ""
2023-12-27T22:24:58.243Z 3: ✅ window.created win1 "discord"
2023-12-27T22:24:58.459Z 4: ✅ webContents.did-finish-load web1
2023-12-27T22:24:58.615Z 5: ✅ webContents.created web2 ""
2023-12-27T22:24:58.621Z 6: ✅ window.created win2 "Discord"
2023-12-27T22:25:00.669Z 7: ✅ webContents.did-finish-load web2
2023-12-27T22:25:00.764Z 8: window.close win1
2023-12-27T22:25:00.790Z 9: webContents.destroyed web1
2023-12-27T22:25:00.793Z 10: window.closed win1
2023-12-28T20:35:13.159Z 0: 

----------------------------------------------
2023-12-28T20:35:13.170Z 1: Discord starting: {"releaseChannel":"stable","version":"0.0.39"}, modulepath: /home/seanp/.config/discord/0.0.39/modules
2023-12-28T20:35:13.192Z 2: ✅ webContents.created web1 ""
2023-12-28T20:35:13.195Z 3: ✅ window.created win1 "discord"
2023-12-28T20:35:13.421Z 4: ✅ webContents.did-finish-load web1
2023-12-28T20:35:13.533Z 5: ✅ webContents.created web2 ""
2023-12-28T20:35:13.539Z 6: ✅ window.created win2 "Discord"
2023-12-28T20:35:15.969Z 7: ✅ webContents.did-finish-load web2
2023-12-28T20:35:16.065Z 8: window.close win1
2023-12-28T20:35:16.089Z 9: webContents.destroyed web1
2023-12-28T20:35:16.092Z 10: window.closed win1
2023-12-29T13:41:55.863Z 0: 

----------------------------------------------
2023-12-29T13:41:55.875Z 1: Discord starting: {"releaseChannel":"stable","version":"0.0.39"}, modulepath: /home/seanp/.config/discord/0.0.39/modules
2023-12-29T13:41:55.898Z 2: ✅ webContents.created web1 ""
2023-12-29T13:41:55.903Z 3: ✅ window.created win1 "discord"
2023-12-29T13:41:56.116Z 4: ✅ webContents.did-finish-load web1
2023-12-29T13:41:56.239Z 5: ✅ webContents.created web2 ""
2023-12-29T13:41:56.243Z 6: ✅ window.created win2 "Discord"
2023-12-29T13:41:58.316Z 7: ✅ webContents.did-finish-load web2
2023-12-29T13:41:58.411Z 8: window.close win1
2023-12-29T13:41:58.435Z 9: webContents.destroyed web1
2023-12-29T13:41:58.438Z 10: window.closed win1
